<?xml version="1.0" encoding="UTF-8"?>
<testsuite xmlns:xsi="http://www.w3.org/2001/XMLSchema-instance" xsi:noNamespaceSchemaLocation="https://maven.apache.org/surefire/maven-surefire-plugin/xsd/surefire-test-report.xsd" name="TestSuite" time="63.938" tests="2" errors="0" skipped="0" failures="0">
  <properties>
    <property name="sun.desktop" value="windows"/>
    <property name="awt.toolkit" value="sun.awt.windows.WToolkit"/>
    <property name="file.encoding.pkg" value="sun.io"/>
    <property name="java.specification.version" value="1.8"/>
    <property name="sun.cpu.isalist" value="amd64"/>
    <property name="sun.jnu.encoding" value="Cp1252"/>
    <property name="java.class.path" value="C:\Users\hp\eclipse-workspace\ExtentSparkReports\target\test-classes;C:\Users\hp\eclipse-workspace\ExtentSparkReports\target\classes;D:\Java Software\m2Folder\io\cucumber\cucumber-java\6.9.0\cucumber-java-6.9.0.jar;D:\Java Software\m2Folder\io\cucumber\cucumber-core\6.9.0\cucumber-core-6.9.0.jar;D:\Java Software\m2Folder\io\cucumber\cucumber-gherkin\6.9.0\cucumber-gherkin-6.9.0.jar;D:\Java Software\m2Folder\io\cucumber\cucumber-gherkin-messages\6.9.0\cucumber-gherkin-messages-6.9.0.jar;D:\Java Software\m2Folder\io\cucumber\messages\13.2.0\messages-13.2.0.jar;D:\Java Software\m2Folder\io\cucumber\tag-expressions\3.0.0\tag-expressions-3.0.0.jar;D:\Java Software\m2Folder\io\cucumber\cucumber-expressions\10.3.0\cucumber-expressions-10.3.0.jar;D:\Java Software\m2Folder\io\cucumber\datatable\3.5.0\datatable-3.5.0.jar;D:\Java Software\m2Folder\io\cucumber\cucumber-plugin\6.9.0\cucumber-plugin-6.9.0.jar;D:\Java Software\m2Folder\io\cucumber\docstring\6.9.0\docstring-6.9.0.jar;D:\Java Software\m2Folder\io\cucumber\html-formatter\9.0.0\html-formatter-9.0.0.jar;D:\Java Software\m2Folder\io\cucumber\create-meta\2.0.4\create-meta-2.0.4.jar;D:\Java Software\m2Folder\org\apiguardian\apiguardian-api\1.1.0\apiguardian-api-1.1.0.jar;D:\Java Software\m2Folder\org\seleniumhq\selenium\selenium-java\3.141.59\selenium-java-3.141.59.jar;D:\Java Software\m2Folder\org\seleniumhq\selenium\selenium-api\3.141.59\selenium-api-3.141.59.jar;D:\Java Software\m2Folder\org\seleniumhq\selenium\selenium-chrome-driver\3.141.59\selenium-chrome-driver-3.141.59.jar;D:\Java Software\m2Folder\org\seleniumhq\selenium\selenium-edge-driver\3.141.59\selenium-edge-driver-3.141.59.jar;D:\Java Software\m2Folder\org\seleniumhq\selenium\selenium-firefox-driver\3.141.59\selenium-firefox-driver-3.141.59.jar;D:\Java Software\m2Folder\org\seleniumhq\selenium\selenium-ie-driver\3.141.59\selenium-ie-driver-3.141.59.jar;D:\Java Software\m2Folder\org\seleniumhq\selenium\selenium-opera-driver\3.141.59\selenium-opera-driver-3.141.59.jar;D:\Java Software\m2Folder\org\seleniumhq\selenium\selenium-remote-driver\3.141.59\selenium-remote-driver-3.141.59.jar;D:\Java Software\m2Folder\org\seleniumhq\selenium\selenium-safari-driver\3.141.59\selenium-safari-driver-3.141.59.jar;D:\Java Software\m2Folder\org\seleniumhq\selenium\selenium-support\3.141.59\selenium-support-3.141.59.jar;D:\Java Software\m2Folder\net\bytebuddy\byte-buddy\1.8.15\byte-buddy-1.8.15.jar;D:\Java Software\m2Folder\org\apache\commons\commons-exec\1.3\commons-exec-1.3.jar;D:\Java Software\m2Folder\com\google\guava\guava\25.0-jre\guava-25.0-jre.jar;D:\Java Software\m2Folder\com\google\code\findbugs\jsr305\1.3.9\jsr305-1.3.9.jar;D:\Java Software\m2Folder\org\checkerframework\checker-compat-qual\2.0.0\checker-compat-qual-2.0.0.jar;D:\Java Software\m2Folder\com\google\errorprone\error_prone_annotations\2.1.3\error_prone_annotations-2.1.3.jar;D:\Java Software\m2Folder\com\google\j2objc\j2objc-annotations\1.1\j2objc-annotations-1.1.jar;D:\Java Software\m2Folder\org\codehaus\mojo\animal-sniffer-annotations\1.14\animal-sniffer-annotations-1.14.jar;D:\Java Software\m2Folder\com\squareup\okhttp3\okhttp\3.11.0\okhttp-3.11.0.jar;D:\Java Software\m2Folder\com\squareup\okio\okio\1.14.0\okio-1.14.0.jar;D:\Java Software\m2Folder\io\github\bonigarcia\webdrivermanager\4.2.2\webdrivermanager-4.2.2.jar;D:\Java Software\m2Folder\org\slf4j\slf4j-api\1.7.30\slf4j-api-1.7.30.jar;D:\Java Software\m2Folder\commons-io\commons-io\2.8.0\commons-io-2.8.0.jar;D:\Java Software\m2Folder\com\google\code\gson\gson\2.8.6\gson-2.8.6.jar;D:\Java Software\m2Folder\org\apache\commons\commons-lang3\3.11\commons-lang3-3.11.jar;D:\Java Software\m2Folder\org\apache\httpcomponents\client5\httpclient5\5.0.1\httpclient5-5.0.1.jar;D:\Java Software\m2Folder\org\apache\httpcomponents\core5\httpcore5\5.0.1\httpcore5-5.0.1.jar;D:\Java Software\m2Folder\org\apache\httpcomponents\core5\httpcore5-h2\5.0.1\httpcore5-h2-5.0.1.jar;D:\Java Software\m2Folder\org\rauschig\jarchivelib\1.1.0\jarchivelib-1.1.0.jar;D:\Java Software\m2Folder\org\jsoup\jsoup\1.13.1\jsoup-1.13.1.jar;D:\Java Software\m2Folder\tech\grasshopper\extentreports-cucumber6-adapter\2.6.0\extentreports-cucumber6-adapter-2.6.0.jar;D:\Java Software\m2Folder\com\aventstack\extentreports\5.0.5\extentreports-5.0.5.jar;D:\Java Software\m2Folder\io\reactivex\rxjava3\rxjava\3.0.4\rxjava-3.0.4.jar;D:\Java Software\m2Folder\org\reactivestreams\reactive-streams\1.0.3\reactive-streams-1.0.3.jar;D:\Java Software\m2Folder\org\freemarker\freemarker\2.3.30\freemarker-2.3.30.jar;D:\Java Software\m2Folder\org\projectlombok\lombok\1.18.12\lombok-1.18.12.jar;D:\Java Software\m2Folder\tech\grasshopper\extent-pdf-report\1.5.0\extent-pdf-report-1.5.0.jar;D:\Java Software\m2Folder\tech\grasshopper\cucumber-pdf-report\1.7.0\cucumber-pdf-report-1.7.0.jar;D:\Java Software\m2Folder\org\apache\pdfbox\pdfbox\2.0.21\pdfbox-2.0.21.jar;D:\Java Software\m2Folder\org\apache\pdfbox\fontbox\2.0.21\fontbox-2.0.21.jar;D:\Java Software\m2Folder\org\knowm\xchart\xchart\3.6.5\xchart-3.6.5.jar;D:\Java Software\m2Folder\de\erichseifert\vectorgraphics2d\VectorGraphics2D\0.13\VectorGraphics2D-0.13.jar;D:\Java Software\m2Folder\de\rototor\pdfbox\graphics2d\0.27\graphics2d-0.27.jar;D:\Java Software\m2Folder\com\madgag\animated-gif-lib\1.4\animated-gif-lib-1.4.jar;D:\Java Software\m2Folder\com\github\vandeseer\easytable\0.7.1\easytable-0.7.1.jar;D:\Java Software\m2Folder\com\github\ralfstuckert\pdfbox-layout\pdfbox2-layout\1.0.0\pdfbox2-layout-1.0.0.jar;D:\Java Software\m2Folder\org\yaml\snakeyaml\1.27\snakeyaml-1.27.jar;D:\Java Software\m2Folder\com\aventstack\klov-reporter\5.0.5\klov-reporter-5.0.5.jar;D:\Java Software\m2Folder\org\mongodb\bson\3.6.4\bson-3.6.4.jar;D:\Java Software\m2Folder\org\apache\httpcomponents\httpclient\4.5.2\httpclient-4.5.2.jar;D:\Java Software\m2Folder\org\apache\httpcomponents\httpcore\4.4.4\httpcore-4.4.4.jar;D:\Java Software\m2Folder\commons-logging\commons-logging\1.2\commons-logging-1.2.jar;D:\Java Software\m2Folder\org\apache\httpcomponents\httpmime\4.5.2\httpmime-4.5.2.jar;D:\Java Software\m2Folder\org\mongodb\mongodb-driver\3.3.0\mongodb-driver-3.3.0.jar;D:\Java Software\m2Folder\org\mongodb\mongodb-driver-core\3.3.0\mongodb-driver-core-3.3.0.jar;D:\Java Software\m2Folder\org\testng\testng\6.14.3\testng-6.14.3.jar;D:\Java Software\m2Folder\com\beust\jcommander\1.72\jcommander-1.72.jar;D:\Java Software\m2Folder\org\apache-extras\beanshell\bsh\2.0b6\bsh-2.0b6.jar;D:\Java Software\m2Folder\io\cucumber\cucumber-testng\6.9.0\cucumber-testng-6.9.0.jar;D:\Java Software\m2Folder\org\apache\poi\poi\4.1.2\poi-4.1.2.jar;D:\Java Software\m2Folder\commons-codec\commons-codec\1.13\commons-codec-1.13.jar;D:\Java Software\m2Folder\org\apache\commons\commons-collections4\4.4\commons-collections4-4.4.jar;D:\Java Software\m2Folder\org\apache\commons\commons-math3\3.6.1\commons-math3-3.6.1.jar;D:\Java Software\m2Folder\com\zaxxer\SparseBitSet\1.2\SparseBitSet-1.2.jar;D:\Java Software\m2Folder\org\apache\poi\poi-ooxml\4.1.2\poi-ooxml-4.1.2.jar;D:\Java Software\m2Folder\org\apache\poi\poi-ooxml-schemas\4.1.2\poi-ooxml-schemas-4.1.2.jar;D:\Java Software\m2Folder\org\apache\xmlbeans\xmlbeans\3.1.0\xmlbeans-3.1.0.jar;D:\Java Software\m2Folder\org\apache\commons\commons-compress\1.19\commons-compress-1.19.jar;D:\Java Software\m2Folder\com\github\virtuald\curvesapi\1.06\curvesapi-1.06.jar;"/>
    <property name="java.vm.vendor" value="Oracle Corporation"/>
    <property name="sun.arch.data.model" value="64"/>
    <property name="user.variant" value=""/>
    <property name="java.vendor.url" value="http://java.oracle.com/"/>
    <property name="user.timezone" value="Asia/Calcutta"/>
    <property name="java.vm.specification.version" value="1.8"/>
    <property name="os.name" value="Windows 7"/>
    <property name="user.country" value="IN"/>
    <property name="sun.java.launcher" value="SUN_STANDARD"/>
    <property name="sun.boot.library.path" value="C:\Program Files\Java\jre1.8.0_251\bin"/>
    <property name="sun.java.command" value="C:\Users\hp\AppData\Local\Temp\surefire4452354423468822409\surefirebooter8999388888671230258.jar C:\Users\hp\AppData\Local\Temp\surefire4452354423468822409 2021-04-01T22-02-48_564-jvmRun1 surefire4066008242849310946tmp surefire_09033807930437311403tmp"/>
    <property name="surefire.test.class.path" value="C:\Users\hp\eclipse-workspace\ExtentSparkReports\target\test-classes;C:\Users\hp\eclipse-workspace\ExtentSparkReports\target\classes;D:\Java Software\m2Folder\io\cucumber\cucumber-java\6.9.0\cucumber-java-6.9.0.jar;D:\Java Software\m2Folder\io\cucumber\cucumber-core\6.9.0\cucumber-core-6.9.0.jar;D:\Java Software\m2Folder\io\cucumber\cucumber-gherkin\6.9.0\cucumber-gherkin-6.9.0.jar;D:\Java Software\m2Folder\io\cucumber\cucumber-gherkin-messages\6.9.0\cucumber-gherkin-messages-6.9.0.jar;D:\Java Software\m2Folder\io\cucumber\messages\13.2.0\messages-13.2.0.jar;D:\Java Software\m2Folder\io\cucumber\tag-expressions\3.0.0\tag-expressions-3.0.0.jar;D:\Java Software\m2Folder\io\cucumber\cucumber-expressions\10.3.0\cucumber-expressions-10.3.0.jar;D:\Java Software\m2Folder\io\cucumber\datatable\3.5.0\datatable-3.5.0.jar;D:\Java Software\m2Folder\io\cucumber\cucumber-plugin\6.9.0\cucumber-plugin-6.9.0.jar;D:\Java Software\m2Folder\io\cucumber\docstring\6.9.0\docstring-6.9.0.jar;D:\Java Software\m2Folder\io\cucumber\html-formatter\9.0.0\html-formatter-9.0.0.jar;D:\Java Software\m2Folder\io\cucumber\create-meta\2.0.4\create-meta-2.0.4.jar;D:\Java Software\m2Folder\org\apiguardian\apiguardian-api\1.1.0\apiguardian-api-1.1.0.jar;D:\Java Software\m2Folder\org\seleniumhq\selenium\selenium-java\3.141.59\selenium-java-3.141.59.jar;D:\Java Software\m2Folder\org\seleniumhq\selenium\selenium-api\3.141.59\selenium-api-3.141.59.jar;D:\Java Software\m2Folder\org\seleniumhq\selenium\selenium-chrome-driver\3.141.59\selenium-chrome-driver-3.141.59.jar;D:\Java Software\m2Folder\org\seleniumhq\selenium\selenium-edge-driver\3.141.59\selenium-edge-driver-3.141.59.jar;D:\Java Software\m2Folder\org\seleniumhq\selenium\selenium-firefox-driver\3.141.59\selenium-firefox-driver-3.141.59.jar;D:\Java Software\m2Folder\org\seleniumhq\selenium\selenium-ie-driver\3.141.59\selenium-ie-driver-3.141.59.jar;D:\Java Software\m2Folder\org\seleniumhq\selenium\selenium-opera-driver\3.141.59\selenium-opera-driver-3.141.59.jar;D:\Java Software\m2Folder\org\seleniumhq\selenium\selenium-remote-driver\3.141.59\selenium-remote-driver-3.141.59.jar;D:\Java Software\m2Folder\org\seleniumhq\selenium\selenium-safari-driver\3.141.59\selenium-safari-driver-3.141.59.jar;D:\Java Software\m2Folder\org\seleniumhq\selenium\selenium-support\3.141.59\selenium-support-3.141.59.jar;D:\Java Software\m2Folder\net\bytebuddy\byte-buddy\1.8.15\byte-buddy-1.8.15.jar;D:\Java Software\m2Folder\org\apache\commons\commons-exec\1.3\commons-exec-1.3.jar;D:\Java Software\m2Folder\com\google\guava\guava\25.0-jre\guava-25.0-jre.jar;D:\Java Software\m2Folder\com\google\code\findbugs\jsr305\1.3.9\jsr305-1.3.9.jar;D:\Java Software\m2Folder\org\checkerframework\checker-compat-qual\2.0.0\checker-compat-qual-2.0.0.jar;D:\Java Software\m2Folder\com\google\errorprone\error_prone_annotations\2.1.3\error_prone_annotations-2.1.3.jar;D:\Java Software\m2Folder\com\google\j2objc\j2objc-annotations\1.1\j2objc-annotations-1.1.jar;D:\Java Software\m2Folder\org\codehaus\mojo\animal-sniffer-annotations\1.14\animal-sniffer-annotations-1.14.jar;D:\Java Software\m2Folder\com\squareup\okhttp3\okhttp\3.11.0\okhttp-3.11.0.jar;D:\Java Software\m2Folder\com\squareup\okio\okio\1.14.0\okio-1.14.0.jar;D:\Java Software\m2Folder\io\github\bonigarcia\webdrivermanager\4.2.2\webdrivermanager-4.2.2.jar;D:\Java Software\m2Folder\org\slf4j\slf4j-api\1.7.30\slf4j-api-1.7.30.jar;D:\Java Software\m2Folder\commons-io\commons-io\2.8.0\commons-io-2.8.0.jar;D:\Java Software\m2Folder\com\google\code\gson\gson\2.8.6\gson-2.8.6.jar;D:\Java Software\m2Folder\org\apache\commons\commons-lang3\3.11\commons-lang3-3.11.jar;D:\Java Software\m2Folder\org\apache\httpcomponents\client5\httpclient5\5.0.1\httpclient5-5.0.1.jar;D:\Java Software\m2Folder\org\apache\httpcomponents\core5\httpcore5\5.0.1\httpcore5-5.0.1.jar;D:\Java Software\m2Folder\org\apache\httpcomponents\core5\httpcore5-h2\5.0.1\httpcore5-h2-5.0.1.jar;D:\Java Software\m2Folder\org\rauschig\jarchivelib\1.1.0\jarchivelib-1.1.0.jar;D:\Java Software\m2Folder\org\jsoup\jsoup\1.13.1\jsoup-1.13.1.jar;D:\Java Software\m2Folder\tech\grasshopper\extentreports-cucumber6-adapter\2.6.0\extentreports-cucumber6-adapter-2.6.0.jar;D:\Java Software\m2Folder\com\aventstack\extentreports\5.0.5\extentreports-5.0.5.jar;D:\Java Software\m2Folder\io\reactivex\rxjava3\rxjava\3.0.4\rxjava-3.0.4.jar;D:\Java Software\m2Folder\org\reactivestreams\reactive-streams\1.0.3\reactive-streams-1.0.3.jar;D:\Java Software\m2Folder\org\freemarker\freemarker\2.3.30\freemarker-2.3.30.jar;D:\Java Software\m2Folder\org\projectlombok\lombok\1.18.12\lombok-1.18.12.jar;D:\Java Software\m2Folder\tech\grasshopper\extent-pdf-report\1.5.0\extent-pdf-report-1.5.0.jar;D:\Java Software\m2Folder\tech\grasshopper\cucumber-pdf-report\1.7.0\cucumber-pdf-report-1.7.0.jar;D:\Java Software\m2Folder\org\apache\pdfbox\pdfbox\2.0.21\pdfbox-2.0.21.jar;D:\Java Software\m2Folder\org\apache\pdfbox\fontbox\2.0.21\fontbox-2.0.21.jar;D:\Java Software\m2Folder\org\knowm\xchart\xchart\3.6.5\xchart-3.6.5.jar;D:\Java Software\m2Folder\de\erichseifert\vectorgraphics2d\VectorGraphics2D\0.13\VectorGraphics2D-0.13.jar;D:\Java Software\m2Folder\de\rototor\pdfbox\graphics2d\0.27\graphics2d-0.27.jar;D:\Java Software\m2Folder\com\madgag\animated-gif-lib\1.4\animated-gif-lib-1.4.jar;D:\Java Software\m2Folder\com\github\vandeseer\easytable\0.7.1\easytable-0.7.1.jar;D:\Java Software\m2Folder\com\github\ralfstuckert\pdfbox-layout\pdfbox2-layout\1.0.0\pdfbox2-layout-1.0.0.jar;D:\Java Software\m2Folder\org\yaml\snakeyaml\1.27\snakeyaml-1.27.jar;D:\Java Software\m2Folder\com\aventstack\klov-reporter\5.0.5\klov-reporter-5.0.5.jar;D:\Java Software\m2Folder\org\mongodb\bson\3.6.4\bson-3.6.4.jar;D:\Java Software\m2Folder\org\apache\httpcomponents\httpclient\4.5.2\httpclient-4.5.2.jar;D:\Java Software\m2Folder\org\apache\httpcomponents\httpcore\4.4.4\httpcore-4.4.4.jar;D:\Java Software\m2Folder\commons-logging\commons-logging\1.2\commons-logging-1.2.jar;D:\Java Software\m2Folder\org\apache\httpcomponents\httpmime\4.5.2\httpmime-4.5.2.jar;D:\Java Software\m2Folder\org\mongodb\mongodb-driver\3.3.0\mongodb-driver-3.3.0.jar;D:\Java Software\m2Folder\org\mongodb\mongodb-driver-core\3.3.0\mongodb-driver-core-3.3.0.jar;D:\Java Software\m2Folder\org\testng\testng\6.14.3\testng-6.14.3.jar;D:\Java Software\m2Folder\com\beust\jcommander\1.72\jcommander-1.72.jar;D:\Java Software\m2Folder\org\apache-extras\beanshell\bsh\2.0b6\bsh-2.0b6.jar;D:\Java Software\m2Folder\io\cucumber\cucumber-testng\6.9.0\cucumber-testng-6.9.0.jar;D:\Java Software\m2Folder\org\apache\poi\poi\4.1.2\poi-4.1.2.jar;D:\Java Software\m2Folder\commons-codec\commons-codec\1.13\commons-codec-1.13.jar;D:\Java Software\m2Folder\org\apache\commons\commons-collections4\4.4\commons-collections4-4.4.jar;D:\Java Software\m2Folder\org\apache\commons\commons-math3\3.6.1\commons-math3-3.6.1.jar;D:\Java Software\m2Folder\com\zaxxer\SparseBitSet\1.2\SparseBitSet-1.2.jar;D:\Java Software\m2Folder\org\apache\poi\poi-ooxml\4.1.2\poi-ooxml-4.1.2.jar;D:\Java Software\m2Folder\org\apache\poi\poi-ooxml-schemas\4.1.2\poi-ooxml-schemas-4.1.2.jar;D:\Java Software\m2Folder\org\apache\xmlbeans\xmlbeans\3.1.0\xmlbeans-3.1.0.jar;D:\Java Software\m2Folder\org\apache\commons\commons-compress\1.19\commons-compress-1.19.jar;D:\Java Software\m2Folder\com\github\virtuald\curvesapi\1.06\curvesapi-1.06.jar;"/>
    <property name="sun.cpu.endian" value="little"/>
    <property name="user.home" value="C:\Users\hp"/>
    <property name="user.language" value="en"/>
    <property name="java.specification.vendor" value="Oracle Corporation"/>
    <property name="java.home" value="C:\Program Files\Java\jre1.8.0_251"/>
    <property name="basedir" value="C:\Users\hp\eclipse-workspace\ExtentSparkReports"/>
    <property name="file.separator" value="\"/>
    <property name="line.separator" value="&#10;"/>
    <property name="java.vm.specification.vendor" value="Oracle Corporation"/>
    <property name="java.specification.name" value="Java Platform API Specification"/>
    <property name="java.awt.graphicsenv" value="sun.awt.Win32GraphicsEnvironment"/>
    <property name="surefire.real.class.path" value="C:\Users\hp\AppData\Local\Temp\surefire4452354423468822409\surefirebooter8999388888671230258.jar"/>
    <property name="sun.boot.class.path" value="C:\Program Files\Java\jre1.8.0_251\lib\resources.jar;C:\Program Files\Java\jre1.8.0_251\lib\rt.jar;C:\Program Files\Java\jre1.8.0_251\lib\sunrsasign.jar;C:\Program Files\Java\jre1.8.0_251\lib\jsse.jar;C:\Program Files\Java\jre1.8.0_251\lib\jce.jar;C:\Program Files\Java\jre1.8.0_251\lib\charsets.jar;C:\Program Files\Java\jre1.8.0_251\lib\jfr.jar;C:\Program Files\Java\jre1.8.0_251\classes"/>
    <property name="user.script" value=""/>
    <property name="sun.management.compiler" value="HotSpot 64-Bit Tiered Compilers"/>
    <property name="java.runtime.version" value="1.8.0_251-b08"/>
    <property name="user.name" value="hp"/>
    <property name="path.separator" value=";"/>
    <property name="os.version" value="6.1"/>
    <property name="java.endorsed.dirs" value="C:\Program Files\Java\jre1.8.0_251\lib\endorsed"/>
    <property name="java.runtime.name" value="Java(TM) SE Runtime Environment"/>
    <property name="file.encoding" value="Cp1252"/>
    <property name="java.vm.name" value="Java HotSpot(TM) 64-Bit Server VM"/>
    <property name="localRepository" value="D:\Java Software\m2Folder"/>
    <property name="java.vendor.url.bug" value="http://bugreport.sun.com/bugreport/"/>
    <property name="java.io.tmpdir" value="C:\Users\hp\AppData\Local\Temp\"/>
    <property name="java.version" value="1.8.0_251"/>
    <property name="user.dir" value="C:\Users\hp\eclipse-workspace\ExtentSparkReports"/>
    <property name="os.arch" value="amd64"/>
    <property name="java.vm.specification.name" value="Java Virtual Machine Specification"/>
    <property name="java.awt.printerjob" value="sun.awt.windows.WPrinterJob"/>
    <property name="sun.os.patch.level" value=""/>
    <property name="java.library.path" value="C:\Program Files\Java\jre1.8.0_251\bin;C:\Windows\Sun\Java\bin;C:\Windows\system32;C:\Windows;C:/Program Files/Java/jre1.8.0_251/bin/server;C:/Program Files/Java/jre1.8.0_251/bin;C:/Program Files/Java/jre1.8.0_251/lib/amd64;C:\oraclexe\app\oracle\product\11.2.0\server\bin;C:\Windows\system32;C:\Windows;C:\Windows\System32\Wbem;C:\Windows\System32\WindowsPowerShell\v1.0\;C:\Program Files (x86)\Common Files\Oracle\Java\javapath;C:\Windows\system32;C:\Windows;C:\Windows\System32\Wbem;C:\Windows\System32\WindowsPowerShell\v1.0\;C:\Program Files\Java\jdk1.8.0_181\bin;D:\Java Software\ApacheMaven\apache-maven-3.6.3\bin;C:\Program Files\Git\cmd;C:\Program Files\dotnet\;C:\Program Files\Microsoft SQL Server\130\Tools\Binn\;D:\Software_Installed\mongodb-win32-x86_64-2008plus-ssl-4.0.10\bin;C:\Users\hp\AppData\Local\Programs\Python\Python37-32;C:\Program Files\nodejs;C:\Users\hp\AppData\Roaming\npm;C:\Users\hp\AppData\Local\Android\Sdk\platform-tools;C:\Program Files\Android\Android Studio\bundle-tools;D:\apache-jmeter-5.3\apache-jmeter-5.3\bin;;C:\Android;C:\Windows\System32;C:\Users\hp\AppData\Local\Android\Sdk\tools\bin;C:\Users\hp\AppData\Local\Android\Sdk\tools;C:\Users\hp\AppData\Local\Android\Sdk\platform-tools;C:\Program Files\nodejs;C:\Program Files\nodejs\node_modules\npm\bin;D:\axis2-1.6.2\axis2-1.6.2\bin;C:\Program Files\Java\jdk1.8.0_181\bin;C:\Users\hp\AppData\Local\Programs\Microsoft VS Code\bin;C:\Users\hp\AppData\Roaming\npm;C:\Users\hp\.android;D:\eclipse;;."/>
    <property name="java.vm.info" value="mixed mode"/>
    <property name="java.vendor" value="Oracle Corporation"/>
    <property name="java.vm.version" value="25.251-b08"/>
    <property name="java.ext.dirs" value="C:\Program Files\Java\jre1.8.0_251\lib\ext;C:\Windows\Sun\Java\lib\ext"/>
    <property name="sun.io.unicode.encoding" value="UnicodeLittle"/>
    <property name="java.class.version" value="52.0"/>
  </properties>
  <testcase name="runScenario" classname="parallel.TestRunner" time="31.785"/>
  <testcase name="runScenario" classname="parallel.TestRunner" time="46.942"/>
</testsuite>