<?xml version="1.0" encoding="UTF-8"?>
<!-- Generated by org.testng.reporters.JUnitReportReporter -->
<testsuite skipped="0" hostname="MyPC" name="parallel.TestRunner" tests="2" failures="0" timestamp="03 Feb 2021 20:05:31 GMT" time="58.127" errors="0">
  <testcase name="runScenario" time="19.767" classname="parallel.TestRunner"/>
  <testcase name="runScenario" time="38.360" classname="parallel.TestRunner"/>
</testsuite> <!-- parallel.TestRunner -->
