<?xml version="1.0" encoding="UTF-8"?>
<!-- Generated by org.testng.reporters.JUnitReportReporter -->
<testsuite skipped="0" hostname="MyPC" name="parallel.TestRunner" tests="2" failures="0" timestamp="01 Apr 2021 16:33:54 GMT" time="78.723" errors="0">
  <testcase name="runScenario" time="46.939" classname="parallel.TestRunner"/>
  <testcase name="runScenario" time="31.784" classname="parallel.TestRunner"/>
</testsuite> <!-- parallel.TestRunner -->
