<?xml version="1.0" encoding="UTF-8"?>
<!-- Generated by org.testng.reporters.JUnitReportReporter -->
<testsuite skipped="0" hostname="MyPC" name="parallel.TestRunner" tests="2" failures="0" timestamp="06 Feb 2021 18:59:32 GMT" time="49.036" errors="0">
  <testcase name="runScenario" time="32.499" classname="parallel.TestRunner"/>
  <testcase name="runScenario" time="16.537" classname="parallel.TestRunner"/>
</testsuite> <!-- parallel.TestRunner -->
