<?xml version="1.0" encoding="UTF-8"?>
<!-- Generated by org.testng.reporters.JUnitReportReporter -->
<testsuite skipped="0" hostname="MyPC" name="parallel.TestRunner" tests="2" failures="0" timestamp="16 Feb 2021 17:08:57 GMT" time="139.034" errors="0">
  <testcase name="runScenario" time="81.655" classname="parallel.TestRunner"/>
  <testcase name="runScenario" time="57.379" classname="parallel.TestRunner"/>
</testsuite> <!-- parallel.TestRunner -->
